<?xml version="1.0" encoding="UTF-8"?>
<robot generator="Robot 6.0.2 (Python 3.11.3 on darwin)" generated="20230620 00:15:00.292" rpa="false" schemaversion="3">
<suite id="s1" name="Robot" source="/Users/fahapcy/Desktop/python/Robot">
<suite id="s1-s1" name="Testwebhero" source="/Users/fahapcy/Desktop/python/Robot/Testwebhero.robot">
<test id="s1-s1-t1" name="File Upload" line="8">
<kw name="Open Browser" library="Selenium2Library">
<arg>${url}</arg>
<arg>${browser}</arg>
<doc>Opens a new browser instance to the optional ``url``.</doc>
<msg timestamp="20230620 00:15:00.377" level="INFO">Opening browser 'chrome' to base url 'https://the-internet.herokuapp.com/'.</msg>
<status status="PASS" starttime="20230620 00:15:00.377" endtime="20230620 00:15:05.561"/>
</kw>
<kw name="Maximize Browser Window" library="Selenium2Library">
<doc>Maximizes current browser window.</doc>
<status status="PASS" starttime="20230620 00:15:05.562" endtime="20230620 00:15:05.967"/>
</kw>
<kw name="Click Element" library="Selenium2Library">
<arg>//a[contains(text(),'File Upload')]</arg>
<doc>Click the element identified by ``locator``.</doc>
<msg timestamp="20230620 00:15:05.968" level="INFO">Clicking element '//a[contains(text(),'File Upload')]'.</msg>
<status status="PASS" starttime="20230620 00:15:05.967" endtime="20230620 00:15:06.736"/>
</kw>
<kw name="Choose File" library="Selenium2Library">
<arg>//input[@id='file-upload']</arg>
<arg>${Picture}</arg>
<doc>Inputs the ``file_path`` into the file input field ``locator``.</doc>
<msg timestamp="20230620 00:15:06.737" level="INFO">Sending /Users/fahapcy/Desktop/python/Robot/Profile.jpg to browser.</msg>
<status status="PASS" starttime="20230620 00:15:06.737" endtime="20230620 00:15:06.769"/>
</kw>
<kw name="Click Element" library="Selenium2Library">
<arg>//input[@id='file-submit']</arg>
<doc>Click the element identified by ``locator``.</doc>
<msg timestamp="20230620 00:15:06.770" level="INFO">Clicking element '//input[@id='file-submit']'.</msg>
<status status="PASS" starttime="20230620 00:15:06.769" endtime="20230620 00:15:07.890"/>
</kw>
<kw name="Wait Until Element Is Visible" library="Selenium2Library">
<arg>//div[@id='uploaded-files']</arg>
<doc>Waits until the element ``locator`` is visible.</doc>
<status status="PASS" starttime="20230620 00:15:07.891" endtime="20230620 00:15:07.911"/>
</kw>
<kw name="Get Text" library="Selenium2Library">
<var>${textPicture}</var>
<arg>//div[@id='uploaded-files']</arg>
<doc>Returns the text value of the element identified by ``locator``.</doc>
<msg timestamp="20230620 00:15:07.924" level="INFO">${textPicture} = Profile.jpg</msg>
<status status="PASS" starttime="20230620 00:15:07.911" endtime="20230620 00:15:07.924"/>
</kw>
<kw name="Should Be Equal" library="BuiltIn">
<arg>${textPicture}</arg>
<arg>Profile.jpg</arg>
<doc>Fails if the given objects are unequal.</doc>
<status status="PASS" starttime="20230620 00:15:07.924" endtime="20230620 00:15:07.925"/>
</kw>
<kw name="Log To Console" library="BuiltIn">
<arg>${textPicture}</arg>
<doc>Logs the given message to the console.</doc>
<status status="PASS" starttime="20230620 00:15:07.925" endtime="20230620 00:15:07.925"/>
</kw>
<kw name="Sleep" library="BuiltIn">
<arg>2</arg>
<doc>Pauses the test executed for the given time.</doc>
<msg timestamp="20230620 00:15:09.926" level="INFO">Slept 2 seconds</msg>
<status status="PASS" starttime="20230620 00:15:07.925" endtime="20230620 00:15:09.927"/>
</kw>
<status status="PASS" starttime="20230620 00:15:00.376" endtime="20230620 00:15:09.929"/>
</test>
<test id="s1-s1-t2" name="Multiple Windows" line="20">
<kw name="Open Browser" library="Selenium2Library">
<arg>${url}</arg>
<arg>${browser}</arg>
<doc>Opens a new browser instance to the optional ``url``.</doc>
<msg timestamp="20230620 00:15:09.934" level="INFO">Opening browser 'chrome' to base url 'https://the-internet.herokuapp.com/'.</msg>
<status status="PASS" starttime="20230620 00:15:09.932" endtime="20230620 00:15:15.319"/>
</kw>
<kw name="Maximize Browser Window" library="Selenium2Library">
<doc>Maximizes current browser window.</doc>
<status status="PASS" starttime="20230620 00:15:15.320" endtime="20230620 00:15:15.733"/>
</kw>
<kw name="Scroll Element Into View" library="Selenium2Library">
<arg>//a[contains(text(),'Multiple Windows')]</arg>
<doc>Scrolls the element identified by ``locator`` into view.</doc>
<status status="PASS" starttime="20230620 00:15:15.734" endtime="20230620 00:15:16.028"/>
</kw>
<kw name="Click Element" library="Selenium2Library">
<arg>//a[contains(text(),'Multiple Windows')]</arg>
<doc>Click the element identified by ``locator``.</doc>
<msg timestamp="20230620 00:15:16.028" level="INFO">Clicking element '//a[contains(text(),'Multiple Windows')]'.</msg>
<status status="PASS" starttime="20230620 00:15:16.028" endtime="20230620 00:15:16.873"/>
</kw>
<kw name="Click Element" library="Selenium2Library">
<arg>//a[contains(text(),'Click Here')]</arg>
<doc>Click the element identified by ``locator``.</doc>
<msg timestamp="20230620 00:15:16.874" level="INFO">Clicking element '//a[contains(text(),'Click Here')]'.</msg>
<status status="PASS" starttime="20230620 00:15:16.873" endtime="20230620 00:15:16.913"/>
</kw>
<kw name="Sleep" library="BuiltIn">
<arg>3</arg>
<doc>Pauses the test executed for the given time.</doc>
<msg timestamp="20230620 00:15:19.915" level="INFO">Slept 3 seconds</msg>
<status status="PASS" starttime="20230620 00:15:16.913" endtime="20230620 00:15:19.916"/>
</kw>
<kw name="Switch Window" library="Selenium2Library">
<arg>title=New Window</arg>
<doc>Switches to browser window matching ``locator``.</doc>
<status status="PASS" starttime="20230620 00:15:19.918" endtime="20230620 00:15:19.972"/>
</kw>
<kw name="Get Text" library="Selenium2Library">
<var>${New window}</var>
<arg>//h3[contains(text(),'New Window')]</arg>
<doc>Returns the text value of the element identified by ``locator``.</doc>
<msg timestamp="20230620 00:15:19.991" level="INFO">${New window} = New Window</msg>
<status status="PASS" starttime="20230620 00:15:19.973" endtime="20230620 00:15:19.991"/>
</kw>
<kw name="Should Be Equal" library="BuiltIn">
<arg>${New window}</arg>
<arg>New Window</arg>
<doc>Fails if the given objects are unequal.</doc>
<status status="PASS" starttime="20230620 00:15:19.991" endtime="20230620 00:15:19.992"/>
</kw>
<kw name="Log To Console" library="BuiltIn">
<arg>${New window}</arg>
<doc>Logs the given message to the console.</doc>
<status status="PASS" starttime="20230620 00:15:19.992" endtime="20230620 00:15:19.992"/>
</kw>
<status status="PASS" starttime="20230620 00:15:09.931" endtime="20230620 00:15:19.992"/>
</test>
<test id="s1-s1-t3" name="Sortable Data Tables" line="32">
<kw name="Open Browser" library="Selenium2Library">
<arg>${url}</arg>
<arg>${browser}</arg>
<doc>Opens a new browser instance to the optional ``url``.</doc>
<msg timestamp="20230620 00:15:19.993" level="INFO">Opening browser 'chrome' to base url 'https://the-internet.herokuapp.com/'.</msg>
<status status="PASS" starttime="20230620 00:15:19.993" endtime="20230620 00:15:25.367"/>
</kw>
<kw name="Maximize Browser Window" library="Selenium2Library">
<doc>Maximizes current browser window.</doc>
<status status="PASS" starttime="20230620 00:15:25.368" endtime="20230620 00:15:25.774"/>
</kw>
<kw name="Scroll Element Into View" library="Selenium2Library">
<arg>//a[contains(text(),'Sortable Data Tables')]</arg>
<doc>Scrolls the element identified by ``locator`` into view.</doc>
<status status="PASS" starttime="20230620 00:15:25.775" endtime="20230620 00:15:26.061"/>
</kw>
<kw name="Click Element" library="Selenium2Library">
<arg>//a[contains(text(),'Sortable Data Tables')]</arg>
<doc>Click the element identified by ``locator``.</doc>
<msg timestamp="20230620 00:15:26.061" level="INFO">Clicking element '//a[contains(text(),'Sortable Data Tables')]'.</msg>
<status status="PASS" starttime="20230620 00:15:26.061" endtime="20230620 00:15:26.781"/>
</kw>
<kw name="Get Element Count" library="Selenium2Library">
<var>${Columns}</var>
<arg>//table[@id='table1']/tbody/tr[1]/td</arg>
<doc>Returns the number of elements matching ``locator``.</doc>
<msg timestamp="20230620 00:15:26.794" level="INFO">${Columns} = 6</msg>
<status status="PASS" starttime="20230620 00:15:26.781" endtime="20230620 00:15:26.795"/>
</kw>
<kw name="Get Element Count" library="Selenium2Library">
<var>${Rows}</var>
<arg>//table[@id='table1']/tbody/tr</arg>
<doc>Returns the number of elements matching ``locator``.</doc>
<msg timestamp="20230620 00:15:26.805" level="INFO">${Rows} = 4</msg>
<status status="PASS" starttime="20230620 00:15:26.795" endtime="20230620 00:15:26.806"/>
</kw>
<kw name="Log To Console" library="BuiltIn">
<arg>${Columns}</arg>
<doc>Logs the given message to the console.</doc>
<status status="PASS" starttime="20230620 00:15:26.806" endtime="20230620 00:15:26.807"/>
</kw>
<kw name="Log To Console" library="BuiltIn">
<arg>${Rows}</arg>
<doc>Logs the given message to the console.</doc>
<status status="PASS" starttime="20230620 00:15:26.807" endtime="20230620 00:15:26.807"/>
</kw>
<kw name="Get Text" library="Selenium2Library">
<var>${data}</var>
<arg>//table[@id='table1']/tbody/tr[2]/td[5]</arg>
<doc>Returns the text value of the element identified by ``locator``.</doc>
<msg timestamp="20230620 00:15:26.824" level="INFO">${data} = http://www.frank.com</msg>
<status status="PASS" starttime="20230620 00:15:26.807" endtime="20230620 00:15:26.824"/>
</kw>
<kw name="Log To Console" library="BuiltIn">
<arg>${data}</arg>
<doc>Logs the given message to the console.</doc>
<status status="PASS" starttime="20230620 00:15:26.824" endtime="20230620 00:15:26.825"/>
</kw>
<kw name="Table Header Should Contain" library="Selenium2Library">
<arg>//table[@id='table1']</arg>
<arg>Action</arg>
<doc>Verifies table header contains text ``expected``.</doc>
<status status="PASS" starttime="20230620 00:15:26.825" endtime="20230620 00:15:26.878"/>
</kw>
<kw name="Table Row Should Contain" library="Selenium2Library">
<arg>//table[@id='table1']</arg>
<arg>3</arg>
<arg>$100.00</arg>
<doc>Verifies that table row contains text ``expected``.</doc>
<status status="PASS" starttime="20230620 00:15:26.878" endtime="20230620 00:15:26.893"/>
</kw>
<kw name="Table Column Should Contain" library="Selenium2Library">
<arg>//table[@id='table1']</arg>
<arg>1</arg>
<arg>Smith</arg>
<doc>Verifies table column contains text ``expected``.</doc>
<status status="PASS" starttime="20230620 00:15:26.894" endtime="20230620 00:15:26.914"/>
</kw>
<kw name="Close All Browsers" library="Selenium2Library">
<doc>Closes all open browsers and resets the browser cache.</doc>
<status status="PASS" starttime="20230620 00:15:26.914" endtime="20230620 00:15:27.126"/>
</kw>
<status status="PASS" starttime="20230620 00:15:19.993" endtime="20230620 00:15:27.126"/>
</test>
<status status="PASS" starttime="20230620 00:15:00.311" endtime="20230620 00:15:27.126"/>
</suite>
<status status="PASS" starttime="20230620 00:15:00.294" endtime="20230620 00:15:27.127"/>
</suite>
<statistics>
<total>
<stat pass="3" fail="0" skip="0">All Tests</stat>
</total>
<tag>
</tag>
<suite>
<stat pass="3" fail="0" skip="0" id="s1" name="Robot">Robot</stat>
<stat pass="3" fail="0" skip="0" id="s1-s1" name="Testwebhero">Robot.Testwebhero</stat>
</suite>
</statistics>
<errors>
</errors>
</robot>
